<?xml version="1.0" encoding="UTF-8"?>
<testsuite name="testproject.AggregatorTest" tests="3" skipped="0" failures="0" errors="0" timestamp="2023-12-28T01:21:02" hostname="LAPTOP-59B3SNOC" time="0.214">
  <properties/>
  <testcase name="testInitialState()" classname="testproject.AggregatorTest" time="0.198"/>
  <testcase name="testMultipleAdditions()" classname="testproject.AggregatorTest" time="0.004"/>
  <testcase name="testSingleAddition()" classname="testproject.AggregatorTest" time="0.003"/>
  <system-out><![CDATA[]]></system-out>
  <system-err><![CDATA[]]></system-err>
</testsuite>
